-------------------------------------------------------------------------------
Test set: pl.polsl.lab.szymonbotor.notemanager.model.PasswordGenTest
-------------------------------------------------------------------------------
Tests run: 6, Failures: 0, Errors: 6, Skipped: 0, Time elapsed: 0 s <<< FAILURE! - in pl.polsl.lab.szymonbotor.notemanager.model.PasswordGenTest
generateWhenCorrectParameters{int, String}  Time elapsed: 0 s  <<< ERROR!
java.lang.reflect.InaccessibleObjectException: Unable to make static java.util.stream.Stream pl.polsl.lab.szymonbotor.notemanager.model.PasswordGenTest.intAndStringParamSource() accessible: module pl.polsl.lab.szymonbotor.notemanager does not "opens pl.polsl.lab.szymonbotor.notemanager.model" to unnamed module @32b260fa

generateWhenCountTooLow  Time elapsed: 0 s  <<< ERROR!
java.lang.reflect.InaccessibleObjectException: Unable to make pl.polsl.lab.szymonbotor.notemanager.model.PasswordGenTest() accessible: module pl.polsl.lab.szymonbotor.notemanager does not "opens pl.polsl.lab.szymonbotor.notemanager.model" to unnamed module @32b260fa

parseSymbolsWhenNotEmptyAndIncorrect  Time elapsed: 0 s  <<< ERROR!
java.lang.reflect.InaccessibleObjectException: Unable to make pl.polsl.lab.szymonbotor.notemanager.model.PasswordGenTest() accessible: module pl.polsl.lab.szymonbotor.notemanager does not "opens pl.polsl.lab.szymonbotor.notemanager.model" to unnamed module @32b260fa

parseSymbolsWhenEmpty  Time elapsed: 0 s  <<< ERROR!
java.lang.reflect.InaccessibleObjectException: Unable to make pl.polsl.lab.szymonbotor.notemanager.model.PasswordGenTest() accessible: module pl.polsl.lab.szymonbotor.notemanager does not "opens pl.polsl.lab.szymonbotor.notemanager.model" to unnamed module @32b260fa

parseSymbolsWhenNotEmptyAndCorrect  Time elapsed: 0 s  <<< ERROR!
java.lang.reflect.InaccessibleObjectException: Unable to make pl.polsl.lab.szymonbotor.notemanager.model.PasswordGenTest() accessible: module pl.polsl.lab.szymonbotor.notemanager does not "opens pl.polsl.lab.szymonbotor.notemanager.model" to unnamed module @32b260fa

generateWhenCountTooHigh  Time elapsed: 0 s  <<< ERROR!
java.lang.reflect.InaccessibleObjectException: Unable to make pl.polsl.lab.szymonbotor.notemanager.model.PasswordGenTest() accessible: module pl.polsl.lab.szymonbotor.notemanager does not "opens pl.polsl.lab.szymonbotor.notemanager.model" to unnamed module @32b260fa

