-------------------------------------------------------------------------------
Test set: pl.polsl.lab.szymonbotor.notemanager.model.NoteHistoryTest
-------------------------------------------------------------------------------
Tests run: 30, Failures: 0, Errors: 30, Skipped: 0, Time elapsed: 0.047 s <<< FAILURE! - in pl.polsl.lab.szymonbotor.notemanager.model.NoteHistoryTest
testAddWhenTextDuplicate{int}[1]  Time elapsed: 0 s  <<< ERROR!
java.lang.reflect.InaccessibleObjectException: Unable to make pl.polsl.lab.szymonbotor.notemanager.model.NoteHistoryTest() accessible: module pl.polsl.lab.szymonbotor.notemanager does not "opens pl.polsl.lab.szymonbotor.notemanager.model" to unnamed module @32b260fa

testAddWhenTextDuplicate{int}[2]  Time elapsed: 0 s  <<< ERROR!
java.lang.reflect.InaccessibleObjectException: Unable to make pl.polsl.lab.szymonbotor.notemanager.model.NoteHistoryTest() accessible: module pl.polsl.lab.szymonbotor.notemanager does not "opens pl.polsl.lab.szymonbotor.notemanager.model" to unnamed module @32b260fa

testAddWhenTextDuplicate{int}[3]  Time elapsed: 0 s  <<< ERROR!
java.lang.reflect.InaccessibleObjectException: Unable to make pl.polsl.lab.szymonbotor.notemanager.model.NoteHistoryTest() accessible: module pl.polsl.lab.szymonbotor.notemanager does not "opens pl.polsl.lab.szymonbotor.notemanager.model" to unnamed module @32b260fa

testAddWhenTextDuplicate{int}[4]  Time elapsed: 0 s  <<< ERROR!
java.lang.reflect.InaccessibleObjectException: Unable to make pl.polsl.lab.szymonbotor.notemanager.model.NoteHistoryTest() accessible: module pl.polsl.lab.szymonbotor.notemanager does not "opens pl.polsl.lab.szymonbotor.notemanager.model" to unnamed module @32b260fa

testAddWhenTextDuplicate{int}[5]  Time elapsed: 0 s  <<< ERROR!
java.lang.reflect.InaccessibleObjectException: Unable to make pl.polsl.lab.szymonbotor.notemanager.model.NoteHistoryTest() accessible: module pl.polsl.lab.szymonbotor.notemanager does not "opens pl.polsl.lab.szymonbotor.notemanager.model" to unnamed module @32b260fa

testAddWhenTextDuplicate{int}[6]  Time elapsed: 0 s  <<< ERROR!
java.lang.reflect.InaccessibleObjectException: Unable to make pl.polsl.lab.szymonbotor.notemanager.model.NoteHistoryTest() accessible: module pl.polsl.lab.szymonbotor.notemanager does not "opens pl.polsl.lab.szymonbotor.notemanager.model" to unnamed module @32b260fa

testAddWhenTextDuplicate{int}[7]  Time elapsed: 0 s  <<< ERROR!
java.lang.reflect.InaccessibleObjectException: Unable to make pl.polsl.lab.szymonbotor.notemanager.model.NoteHistoryTest() accessible: module pl.polsl.lab.szymonbotor.notemanager does not "opens pl.polsl.lab.szymonbotor.notemanager.model" to unnamed module @32b260fa

testAddWhenTextDuplicate{int}[8]  Time elapsed: 0.001 s  <<< ERROR!
java.lang.reflect.InaccessibleObjectException: Unable to make pl.polsl.lab.szymonbotor.notemanager.model.NoteHistoryTest() accessible: module pl.polsl.lab.szymonbotor.notemanager does not "opens pl.polsl.lab.szymonbotor.notemanager.model" to unnamed module @32b260fa

testAddWhenTextDuplicate{int}[9]  Time elapsed: 0 s  <<< ERROR!
java.lang.reflect.InaccessibleObjectException: Unable to make pl.polsl.lab.szymonbotor.notemanager.model.NoteHistoryTest() accessible: module pl.polsl.lab.szymonbotor.notemanager does not "opens pl.polsl.lab.szymonbotor.notemanager.model" to unnamed module @32b260fa

testAddWhenTextDuplicate{int}[10]  Time elapsed: 0 s  <<< ERROR!
java.lang.reflect.InaccessibleObjectException: Unable to make pl.polsl.lab.szymonbotor.notemanager.model.NoteHistoryTest() accessible: module pl.polsl.lab.szymonbotor.notemanager does not "opens pl.polsl.lab.szymonbotor.notemanager.model" to unnamed module @32b260fa

testSaveWhenFileDoesNotExist{int}[1]  Time elapsed: 0 s  <<< ERROR!
java.lang.reflect.InaccessibleObjectException: Unable to make pl.polsl.lab.szymonbotor.notemanager.model.NoteHistoryTest() accessible: module pl.polsl.lab.szymonbotor.notemanager does not "opens pl.polsl.lab.szymonbotor.notemanager.model" to unnamed module @32b260fa

testSaveWhenFileDoesNotExist{int}[2]  Time elapsed: 0 s  <<< ERROR!
java.lang.reflect.InaccessibleObjectException: Unable to make pl.polsl.lab.szymonbotor.notemanager.model.NoteHistoryTest() accessible: module pl.polsl.lab.szymonbotor.notemanager does not "opens pl.polsl.lab.szymonbotor.notemanager.model" to unnamed module @32b260fa

testSaveWhenFileDoesNotExist{int}[3]  Time elapsed: 0.001 s  <<< ERROR!
java.lang.reflect.InaccessibleObjectException: Unable to make pl.polsl.lab.szymonbotor.notemanager.model.NoteHistoryTest() accessible: module pl.polsl.lab.szymonbotor.notemanager does not "opens pl.polsl.lab.szymonbotor.notemanager.model" to unnamed module @32b260fa

testSaveWhenFileDoesNotExist{int}[4]  Time elapsed: 0.001 s  <<< ERROR!
java.lang.reflect.InaccessibleObjectException: Unable to make pl.polsl.lab.szymonbotor.notemanager.model.NoteHistoryTest() accessible: module pl.polsl.lab.szymonbotor.notemanager does not "opens pl.polsl.lab.szymonbotor.notemanager.model" to unnamed module @32b260fa

testSaveWhenFileDoesNotExist{int}[5]  Time elapsed: 0.001 s  <<< ERROR!
java.lang.reflect.InaccessibleObjectException: Unable to make pl.polsl.lab.szymonbotor.notemanager.model.NoteHistoryTest() accessible: module pl.polsl.lab.szymonbotor.notemanager does not "opens pl.polsl.lab.szymonbotor.notemanager.model" to unnamed module @32b260fa

testSaveWhenFileDoesNotExist{int}[6]  Time elapsed: 0.001 s  <<< ERROR!
java.lang.reflect.InaccessibleObjectException: Unable to make pl.polsl.lab.szymonbotor.notemanager.model.NoteHistoryTest() accessible: module pl.polsl.lab.szymonbotor.notemanager does not "opens pl.polsl.lab.szymonbotor.notemanager.model" to unnamed module @32b260fa

testSaveWhenFileDoesNotExist{int}[7]  Time elapsed: 0 s  <<< ERROR!
java.lang.reflect.InaccessibleObjectException: Unable to make pl.polsl.lab.szymonbotor.notemanager.model.NoteHistoryTest() accessible: module pl.polsl.lab.szymonbotor.notemanager does not "opens pl.polsl.lab.szymonbotor.notemanager.model" to unnamed module @32b260fa

testInputWhenFileExistsAndTooLong  Time elapsed: 0.001 s  <<< ERROR!
java.lang.reflect.InaccessibleObjectException: Unable to make pl.polsl.lab.szymonbotor.notemanager.model.NoteHistoryTest() accessible: module pl.polsl.lab.szymonbotor.notemanager does not "opens pl.polsl.lab.szymonbotor.notemanager.model" to unnamed module @32b260fa

testAddWhenTextNotDuplicate  Time elapsed: 0 s  <<< ERROR!
java.lang.reflect.InaccessibleObjectException: Unable to make pl.polsl.lab.szymonbotor.notemanager.model.NoteHistoryTest() accessible: module pl.polsl.lab.szymonbotor.notemanager does not "opens pl.polsl.lab.szymonbotor.notemanager.model" to unnamed module @32b260fa

testAddWhenNoteDirNullOrEmpty  Time elapsed: 0 s  <<< ERROR!
java.lang.reflect.InaccessibleObjectException: Unable to make pl.polsl.lab.szymonbotor.notemanager.model.NoteHistoryTest() accessible: module pl.polsl.lab.szymonbotor.notemanager does not "opens pl.polsl.lab.szymonbotor.notemanager.model" to unnamed module @32b260fa

testInputWhenFileExistsAndCorrectLength  Time elapsed: 0 s  <<< ERROR!
java.lang.reflect.InaccessibleObjectException: Unable to make pl.polsl.lab.szymonbotor.notemanager.model.NoteHistoryTest() accessible: module pl.polsl.lab.szymonbotor.notemanager does not "opens pl.polsl.lab.szymonbotor.notemanager.model" to unnamed module @32b260fa

testInputWhenFileDoesNotExist  Time elapsed: 0 s  <<< ERROR!
java.lang.reflect.InaccessibleObjectException: Unable to make pl.polsl.lab.szymonbotor.notemanager.model.NoteHistoryTest() accessible: module pl.polsl.lab.szymonbotor.notemanager does not "opens pl.polsl.lab.szymonbotor.notemanager.model" to unnamed module @32b260fa

testSaveWhenFileExists{int}[1]  Time elapsed: 0 s  <<< ERROR!
java.lang.reflect.InaccessibleObjectException: Unable to make pl.polsl.lab.szymonbotor.notemanager.model.NoteHistoryTest() accessible: module pl.polsl.lab.szymonbotor.notemanager does not "opens pl.polsl.lab.szymonbotor.notemanager.model" to unnamed module @32b260fa

testSaveWhenFileExists{int}[2]  Time elapsed: 0 s  <<< ERROR!
java.lang.reflect.InaccessibleObjectException: Unable to make pl.polsl.lab.szymonbotor.notemanager.model.NoteHistoryTest() accessible: module pl.polsl.lab.szymonbotor.notemanager does not "opens pl.polsl.lab.szymonbotor.notemanager.model" to unnamed module @32b260fa

testSaveWhenFileExists{int}[3]  Time elapsed: 0 s  <<< ERROR!
java.lang.reflect.InaccessibleObjectException: Unable to make pl.polsl.lab.szymonbotor.notemanager.model.NoteHistoryTest() accessible: module pl.polsl.lab.szymonbotor.notemanager does not "opens pl.polsl.lab.szymonbotor.notemanager.model" to unnamed module @32b260fa

testSaveWhenFileExists{int}[4]  Time elapsed: 0.001 s  <<< ERROR!
java.lang.reflect.InaccessibleObjectException: Unable to make pl.polsl.lab.szymonbotor.notemanager.model.NoteHistoryTest() accessible: module pl.polsl.lab.szymonbotor.notemanager does not "opens pl.polsl.lab.szymonbotor.notemanager.model" to unnamed module @32b260fa

testSaveWhenFileExists{int}[5]  Time elapsed: 0 s  <<< ERROR!
java.lang.reflect.InaccessibleObjectException: Unable to make pl.polsl.lab.szymonbotor.notemanager.model.NoteHistoryTest() accessible: module pl.polsl.lab.szymonbotor.notemanager does not "opens pl.polsl.lab.szymonbotor.notemanager.model" to unnamed module @32b260fa

testSaveWhenFileExists{int}[6]  Time elapsed: 0 s  <<< ERROR!
java.lang.reflect.InaccessibleObjectException: Unable to make pl.polsl.lab.szymonbotor.notemanager.model.NoteHistoryTest() accessible: module pl.polsl.lab.szymonbotor.notemanager does not "opens pl.polsl.lab.szymonbotor.notemanager.model" to unnamed module @32b260fa

testSaveWhenFileExists{int}[7]  Time elapsed: 0 s  <<< ERROR!
java.lang.reflect.InaccessibleObjectException: Unable to make pl.polsl.lab.szymonbotor.notemanager.model.NoteHistoryTest() accessible: module pl.polsl.lab.szymonbotor.notemanager does not "opens pl.polsl.lab.szymonbotor.notemanager.model" to unnamed module @32b260fa

pl.polsl.lab.szymonbotor.notemanager.model.NoteHistoryTest  Time elapsed: 0.009 s  <<< ERROR!
java.lang.reflect.InaccessibleObjectException: Unable to make static void pl.polsl.lab.szymonbotor.notemanager.model.NoteHistoryTest.cleanup() throws java.io.IOException accessible: module pl.polsl.lab.szymonbotor.notemanager does not "opens pl.polsl.lab.szymonbotor.notemanager.model" to unnamed module @32b260fa

