-------------------------------------------------------------------------------
Test set: pl.polsl.lab.szymonbotor.notemanager.model.AuthenticatorTest
-------------------------------------------------------------------------------
Tests run: 3, Failures: 0, Errors: 3, Skipped: 0, Time elapsed: 0 s <<< FAILURE! - in pl.polsl.lab.szymonbotor.notemanager.model.AuthenticatorTest
testAuthWhenPasswordCorrect  Time elapsed: 0 s  <<< ERROR!
java.lang.reflect.InaccessibleObjectException: Unable to make pl.polsl.lab.szymonbotor.notemanager.model.AuthenticatorTest() accessible: module pl.polsl.lab.szymonbotor.notemanager does not "opens pl.polsl.lab.szymonbotor.notemanager.model" to unnamed module @32b260fa

testAuthWhenPasswordEmpty  Time elapsed: 0 s  <<< ERROR!
java.lang.reflect.InaccessibleObjectException: Unable to make pl.polsl.lab.szymonbotor.notemanager.model.AuthenticatorTest() accessible: module pl.polsl.lab.szymonbotor.notemanager does not "opens pl.polsl.lab.szymonbotor.notemanager.model" to unnamed module @32b260fa

testAuthWhenWrongPassword  Time elapsed: 0 s  <<< ERROR!
java.lang.reflect.InaccessibleObjectException: Unable to make pl.polsl.lab.szymonbotor.notemanager.model.AuthenticatorTest() accessible: module pl.polsl.lab.szymonbotor.notemanager does not "opens pl.polsl.lab.szymonbotor.notemanager.model" to unnamed module @32b260fa

