<?xml version="1.0" encoding="UTF-8"?>
<testsuite xmlns:xsi="http://www.w3.org/2001/XMLSchema-instance" xsi:noNamespaceSchemaLocation="https://maven.apache.org/surefire/maven-surefire-plugin/xsd/surefire-test-report.xsd" name="pl.polsl.lab.szymonbotor.notemanager.model.AuthenticatorTest" time="0" tests="3" errors="3" skipped="0" failures="0">
  <properties>
[...]
</properties>
  <testcase name="testAuthWhenPasswordCorrect" classname="pl.polsl.lab.szymonbotor.notemanager.model.AuthenticatorTest" time="0">
    <error message="Unable to make pl.polsl.lab.szymonbotor.notemanager.model.AuthenticatorTest() accessible: module pl.polsl.lab.szymonbotor.notemanager does not &quot;opens pl.polsl.lab.szymonbotor.notemanager.model&quot; to unnamed module @32b260fa" type="java.lang.reflect.InaccessibleObjectException">java.lang.reflect.InaccessibleObjectException: Unable to make pl.polsl.lab.szymonbotor.notemanager.model.AuthenticatorTest() accessible: module pl.polsl.lab.szymonbotor.notemanager does not "opens pl.polsl.lab.szymonbotor.notemanager.model" to unnamed module @32b260fa
</error>
  </testcase>
  <testcase name="testAuthWhenPasswordEmpty" classname="pl.polsl.lab.szymonbotor.notemanager.model.AuthenticatorTest" time="0">
    <error message="Unable to make pl.polsl.lab.szymonbotor.notemanager.model.AuthenticatorTest() accessible: module pl.polsl.lab.szymonbotor.notemanager does not &quot;opens pl.polsl.lab.szymonbotor.notemanager.model&quot; to unnamed module @32b260fa" type="java.lang.reflect.InaccessibleObjectException">java.lang.reflect.InaccessibleObjectException: Unable to make pl.polsl.lab.szymonbotor.notemanager.model.AuthenticatorTest() accessible: module pl.polsl.lab.szymonbotor.notemanager does not "opens pl.polsl.lab.szymonbotor.notemanager.model" to unnamed module @32b260fa
</error>
  </testcase>
  <testcase name="testAuthWhenWrongPassword" classname="pl.polsl.lab.szymonbotor.notemanager.model.AuthenticatorTest" time="0">
    <error message="Unable to make pl.polsl.lab.szymonbotor.notemanager.model.AuthenticatorTest() accessible: module pl.polsl.lab.szymonbotor.notemanager does not &quot;opens pl.polsl.lab.szymonbotor.notemanager.model&quot; to unnamed module @32b260fa" type="java.lang.reflect.InaccessibleObjectException">java.lang.reflect.InaccessibleObjectException: Unable to make pl.polsl.lab.szymonbotor.notemanager.model.AuthenticatorTest() accessible: module pl.polsl.lab.szymonbotor.notemanager does not "opens pl.polsl.lab.szymonbotor.notemanager.model" to unnamed module @32b260fa
</error>
  </testcase>
</testsuite>